<?xml version="1.0" encoding="UTF-8"?>
<testng-results skipped="0" failed="0" total="2" passed="2">
  <reporter-output>
  </reporter-output>
  <suite name="Default suite" duration-ms="3455" started-at="2020-04-06T11:04:31Z" finished-at="2020-04-06T11:04:35Z">
    <groups>
    </groups>
    <test name="Default test" duration-ms="3455" started-at="2020-04-06T11:04:31Z" finished-at="2020-04-06T11:04:35Z">
      <class name="com.json_server.tests.GetSingleResource">
        <test-method status="PASS" signature="config()[pri:0, instance:com.json_server.tests.GetSingleResource@59fa1d9b]" name="config" is-config="true" duration-ms="735" started-at="2020-04-06T16:34:31Z" finished-at="2020-04-06T16:34:31Z">
          <reporter-output>
          </reporter-output>
        </test-method> <!-- config -->
        <test-method status="PASS" signature="getSingleResourceWithInValidId()[pri:0, instance:com.json_server.tests.GetSingleResource@59fa1d9b]" name="getSingleResourceWithInValidId" duration-ms="2239" started-at="2020-04-06T16:34:32Z" finished-at="2020-04-06T16:34:34Z">
          <reporter-output>
          </reporter-output>
        </test-method> <!-- getSingleResourceWithInValidId -->
        <test-method status="PASS" signature="getSingleResourceWithValidId()[pri:0, instance:com.json_server.tests.GetSingleResource@59fa1d9b]" name="getSingleResourceWithValidId" duration-ms="1189" started-at="2020-04-06T16:34:34Z" finished-at="2020-04-06T16:34:35Z">
          <reporter-output>
          </reporter-output>
        </test-method> <!-- getSingleResourceWithValidId -->
      </class> <!-- com.json_server.tests.GetSingleResource -->
    </test> <!-- Default test -->
  </suite> <!-- Default suite -->
</testng-results>
